d:\home\dex-nn\vcprj\nn\debug\vc141.pdb
d:\home\dex-nn\vcprj\nn\debug\vc141.idb
d:\home\dex-nn\vcprj\nn\debug\connect.obj
d:\home\dex-nn\vcprj\nn\debug\hidden.obj
d:\home\dex-nn\vcprj\nn\debug\input.obj
d:\home\dex-nn\vcprj\nn\debug\layout.obj
d:\home\dex-nn\vcprj\nn\debug\neuron.obj
d:\home\dex-nn\vcprj\nn\debug\nn.obj
d:\home\dex-nn\vcprj\nn\debug\output.obj
d:\home\dex-nn\vcprj\nn\debug\t.obj
d:\home\dex-nn\vcprj\nn\debug\test.obj
d:\home\dex-nn\vcprj\debug\nn.ilk
d:\home\dex-nn\vcprj\debug\nn.exe
d:\home\dex-nn\vcprj\debug\nn.pdb
d:\home\dex-nn\vcprj\nn\debug\nn.tlog\cl.command.1.tlog
d:\home\dex-nn\vcprj\nn\debug\nn.tlog\cl.read.1.tlog
d:\home\dex-nn\vcprj\nn\debug\nn.tlog\cl.write.1.tlog
d:\home\dex-nn\vcprj\nn\debug\nn.tlog\link.command.1.tlog
d:\home\dex-nn\vcprj\nn\debug\nn.tlog\link.read.1.tlog
d:\home\dex-nn\vcprj\nn\debug\nn.tlog\link.write.1.tlog
